npm info it worked if it ends with ok
npm info using npm@6.13.4
npm info using node@v12.16.0
npm info lifecycle hyperledger-explorer@1.1.7~prestart: hyperledger-explorer@1.1.7
npm info lifecycle hyperledger-explorer@1.1.7~start: hyperledger-explorer@1.1.7

> hyperledger-explorer@1.1.7 start /home/nudt/blockchain-explorer
> run-s build app-start

events.js:298
      throw er; // Unhandled 'error' event
      ^

Error: EBADF: bad file descriptor, read
Emitted 'error' event on ReadStream instance at:
    at internal/fs/streams.js:186:12
    at FSReqCallback.wrapper [as oncomplete] (fs.js:487:5) {
  errno: -9,
  code: 'EBADF',
  syscall: 'read'
}
npm info lifecycle hyperledger-explorer@1.1.7~start: Failed to exec start script
npm ERR! code ELIFECYCLE
npm ERR! errno 1
npm ERR! hyperledger-explorer@1.1.7 start: `run-s build app-start`
npm ERR! Exit status 1
npm ERR! 
npm ERR! Failed at the hyperledger-explorer@1.1.7 start script.
npm ERR! This is probably not a problem with npm. There is likely additional logging output above.
npm timing npm Completed in 172ms

npm ERR! A complete log of this run can be found in:
npm ERR!     /home/nudt/.npm/_logs/2021-08-05T15_17_15_691Z-debug.log

> hyperledger-explorer@1.1.7 start /home/nudt/blockchain-explorer
> run-s build app-start

events.js:298
      throw er; // Unhandled 'error' event
      ^

Error: EBADF: bad file descriptor, read
Emitted 'error' event on ReadStream instance at:
    at internal/fs/streams.js:186:12
    at FSReqCallback.wrapper [as oncomplete] (fs.js:487:5) {
  errno: -9,
  code: 'EBADF',
  syscall: 'read'
}
npm ERR! code ELIFECYCLE
npm ERR! errno 1
npm ERR! hyperledger-explorer@1.1.7 start: `run-s build app-start`
npm ERR! Exit status 1
npm ERR! 
npm ERR! Failed at the hyperledger-explorer@1.1.7 start script.
npm ERR! This is probably not a problem with npm. There is likely additional logging output above.

npm ERR! A complete log of this run can be found in:
npm ERR!     /home/nudt/.npm/_logs/2021-08-05T15_18_00_525Z-debug.log
